<?xml version="1.0" encoding="UTF-8"?>
<testng-results ignored="0" total="1" passed="1" failed="0" skipped="0">
  <reporter-output>
  </reporter-output>
  <suite started-at="2026-01-25T13:16:30 IST" name="Master Suite" finished-at="2026-01-25T13:16:37 IST" duration-ms="7561">
    <groups>
      <group name="Master">
        <method signature="TC001_AccountRegistationTest.verify_Account_Registation()[pri:0, instance:testCases.TC001_AccountRegistationTest@6ed3ccb2]" name="verify_Account_Registation" class="testCases.TC001_AccountRegistationTest"/>
      </group> <!-- Master -->
      <group name="Regression">
        <method signature="TC001_AccountRegistationTest.verify_Account_Registation()[pri:0, instance:testCases.TC001_AccountRegistationTest@6ed3ccb2]" name="verify_Account_Registation" class="testCases.TC001_AccountRegistationTest"/>
      </group> <!-- Regression -->
    </groups>
    <test started-at="2026-01-25T13:16:30 IST" name="Test" finished-at="2026-01-25T13:16:37 IST" duration-ms="7561">
      <class name="testCases.TC001_AccountRegistationTest">
        <test-method is-config="true" signature="setup(java.lang.String,java.lang.String)[pri:0, instance:testCases.TC001_AccountRegistationTest@6ed3ccb2]" started-at="2026-01-25T13:16:30 IST" name="setup" finished-at="2026-01-25T13:16:35 IST" duration-ms="5209" status="PASS">
          <params>
            <param index="0">
              <value>
                <![CDATA[Windows]]>
              </value>
            </param>
            <param index="1">
              <value>
                <![CDATA[chrome]]>
              </value>
            </param>
          </params>
          <reporter-output>
          </reporter-output>
        </test-method> <!-- setup -->
        <test-method signature="verify_Account_Registation()[pri:0, instance:testCases.TC001_AccountRegistationTest@6ed3ccb2]" started-at="2026-01-25T13:16:35 IST" name="verify_Account_Registation" finished-at="2026-01-25T13:16:37 IST" duration-ms="1870" status="PASS">
          <reporter-output>
          </reporter-output>
        </test-method> <!-- verify_Account_Registation -->
        <test-method is-config="true" signature="teardown()[pri:0, instance:testCases.TC001_AccountRegistationTest@6ed3ccb2]" started-at="2026-01-25T13:16:37 IST" name="teardown" finished-at="2026-01-25T13:16:37 IST" duration-ms="190" status="PASS">
          <reporter-output>
          </reporter-output>
        </test-method> <!-- teardown -->
      </class> <!-- testCases.TC001_AccountRegistationTest -->
    </test> <!-- Test -->
  </suite> <!-- Master Suite -->
</testng-results>
